# JRE version: Java(TM) SE Runtime Environment (8.0_77-b03) (build 1.8.0_77-b03)
# Java VM: Java HotSpot(TM) 64-Bit Server VM (25.77-b03 mixed mode windows-amd64 compressed oops)
Heap:
 PSYoungGen      total 137728K, used 77803K [0x00000000eb000000, 0x00000000f8b00000, 0x0000000100000000)
  eden space 131072K, 59% used [0x00000000eb000000,0x00000000efbfaf90,0x00000000f3000000)
  from space 6656K, 0% used [0x00000000f3000000,0x00000000f3000000,0x00000000f3680000)
  to   space 7168K, 0% used [0x00000000f8400000,0x00000000f8400000,0x00000000f8b00000)
 ParOldGen       total 32768K, used 12335K [0x00000000c1000000, 0x00000000c3000000, 0x00000000eb000000)
  object space 32768K, 37% used [0x00000000c1000000,0x00000000c1c0be18,0x00000000c3000000)
 Metaspace       used 23128K, capacity 24168K, committed 24448K, reserved 1071104K
  class space    used 3156K, capacity 3404K, committed 3456K, reserved 1048576K
GC Heap History (10 events):
Event: 1.579 GC heap before
{Heap before GC invocations=6 (full 0):
 PSYoungGen      total 35328K, used 34428K [0x00000000eb000000, 0x00000000efd00000, 0x0000000100000000)
  eden space 32768K, 99% used [0x00000000eb000000,0x00000000ecfffbf8,0x00000000ed000000)
  from space 2560K, 64% used [0x00000000ed000000,0x00000000ed19f468,0x00000000ed280000)
  to   space 6656K, 0% used [0x00000000ef680000,0x00000000ef680000,0x00000000efd00000)
 ParOldGen       total 44032K, used 6252K [0x00000000c1000000, 0x00000000c3b00000, 0x00000000eb000000)
  object space 44032K, 14% used [0x00000000c1000000,0x00000000c161b140,0x00000000c3b00000)
 Metaspace       used 16859K, capacity 17742K, committed 17920K, reserved 1064960K
  class space    used 2588K, capacity 2805K, committed 2816K, reserved 1048576K
Event: 1.584 GC heap after
Heap after GC invocations=6 (full 0):
 PSYoungGen      total 72192K, used 1667K [0x00000000eb000000, 0x00000000efd00000, 0x0000000100000000)
  eden space 65536K, 0% used [0x00000000eb000000,0x00000000eb000000,0x00000000ef000000)
  from space 6656K, 25% used [0x00000000ef680000,0x00000000ef820c60,0x00000000efd00000)
  to   space 6656K, 0% used [0x00000000ef000000,0x00000000ef000000,0x00000000ef680000)
 ParOldGen       total 44032K, used 6260K [0x00000000c1000000, 0x00000000c3b00000, 0x00000000eb000000)
  object space 44032K, 14% used [0x00000000c1000000,0x00000000c161d140,0x00000000c3b00000)
 Metaspace       used 16859K, capacity 17742K, committed 17920K, reserved 1064960K
  class space    used 2588K, capacity 2805K, committed 2816K, reserved 1048576K
}
Event: 1.615 GC heap before
{Heap before GC invocations=7 (full 0):
 PSYoungGen      total 72192K, used 67066K [0x00000000eb000000, 0x00000000efd00000, 0x0000000100000000)
  eden space 65536K, 99% used [0x00000000eb000000,0x00000000eefddbf0,0x00000000ef000000)
  from space 6656K, 25% used [0x00000000ef680000,0x00000000ef820c60,0x00000000efd00000)
  to   space 6656K, 0% used [0x00000000ef000000,0x00000000ef000000,0x00000000ef680000)
 ParOldGen       total 44032K, used 6260K [0x00000000c1000000, 0x00000000c3b00000, 0x00000000eb000000)
  object space 44032K, 14% used [0x00000000c1000000,0x00000000c161d140,0x00000000c3b00000)
 Metaspace       used 16862K, capacity 17742K, committed 17920K, reserved 1064960K
  class space    used 2588K, capacity 2805K, committed 2816K, reserved 1048576K
Event: 1.619 GC heap after
Heap after GC invocations=7 (full 0):
 PSYoungGen      total 72192K, used 277K [0x00000000eb000000, 0x00000000f3d00000, 0x0000000100000000)
  eden space 65536K, 0% used [0x00000000eb000000,0x00000000eb000000,0x00000000ef000000)
  from space 6656K, 4% used [0x00000000ef000000,0x00000000ef045690,0x00000000ef680000)
  to   space 6656K, 0% used [0x00000000f3680000,0x00000000f3680000,0x00000000f3d00000)
 ParOldGen       total 44032K, used 7770K [0x00000000c1000000, 0x00000000c3b00000, 0x00000000eb000000)
  object space 44032K, 17% used [0x00000000c1000000,0x00000000c17968f0,0x00000000c3b00000)
 Metaspace       used 16862K, capacity 17742K, committed 17920K, reserved 1064960K
  class space    used 2588K, capacity 2805K, committed 2816K, reserved 1048576K
}
Event: 1.637 GC heap before
{Heap before GC invocations=8 (full 0):
 PSYoungGen      total 72192K, used 65669K [0x00000000eb000000, 0x00000000f3d00000, 0x0000000100000000)
  eden space 65536K, 99% used [0x00000000eb000000,0x00000000eefdc040,0x00000000ef000000)
  from space 6656K, 4% used [0x00000000ef000000,0x00000000ef045690,0x00000000ef680000)
  to   space 6656K, 0% used [0x00000000f3680000,0x00000000f3680000,0x00000000f3d00000)
 ParOldGen       total 44032K, used 7770K [0x00000000c1000000, 0x00000000c3b00000, 0x00000000eb000000)
  object space 44032K, 17% used [0x00000000c1000000,0x00000000c17968f0,0x00000000c3b00000)
 Metaspace       used 16862K, capacity 17742K, committed 17920K, reserved 1064960K
  class space    used 2588K, capacity 2805K, committed 2816K, reserved 1048576K
Event: 1.638 GC heap after
Heap after GC invocations=8 (full 0):
 PSYoungGen      total 137728K, used 419K [0x00000000eb000000, 0x00000000f3d00000, 0x0000000100000000)
  eden space 131072K, 0% used [0x00000000eb000000,0x00000000eb000000,0x00000000f3000000)
  from space 6656K, 6% used [0x00000000f3680000,0x00000000f36e8d00,0x00000000f3d00000)
  to   space 6656K, 0% used [0x00000000f3000000,0x00000000f3000000,0x00000000f3680000)
 ParOldGen       total 44032K, used 7794K [0x00000000c1000000, 0x00000000c3b00000, 0x00000000eb000000)
  object space 44032K, 17% used [0x00000000c1000000,0x00000000c179c8f0,0x00000000c3b00000)
 Metaspace       used 16862K, capacity 17742K, committed 17920K, reserved 1064960K
  class space    used 2588K, capacity 2805K, committed 2816K, reserved 1048576K
}
Event: 24.544 GC heap before
{Heap before GC invocations=9 (full 0):
 PSYoungGen      total 137728K, used 126508K [0x00000000eb000000, 0x00000000f3d00000, 0x0000000100000000)
  eden space 131072K, 96% used [0x00000000eb000000,0x00000000f2b224a8,0x00000000f3000000)
  from space 6656K, 6% used [0x00000000f3680000,0x00000000f36e8d00,0x00000000f3d00000)
  to   space 6656K, 0% used [0x00000000f3000000,0x00000000f3000000,0x00000000f3680000)
 ParOldGen       total 44032K, used 7794K [0x00000000c1000000, 0x00000000c3b00000, 0x00000000eb000000)
  object space 44032K, 17% used [0x00000000c1000000,0x00000000c179c8f0,0x00000000c3b00000)
 Metaspace       used 20238K, capacity 21192K, committed 21296K, reserved 1067008K
  class space    used 2907K, capacity 3154K, committed 3200K, reserved 1048576K
Event: 24.552 GC heap after
Heap after GC invocations=9 (full 0):
 PSYoungGen      total 137728K, used 5111K [0x00000000eb000000, 0x00000000f8b00000, 0x0000000100000000)
  eden space 131072K, 0% used [0x00000000eb000000,0x00000000eb000000,0x00000000f3000000)
  from space 6656K, 76% used [0x00000000f3000000,0x00000000f34fdc60,0x00000000f3680000)
  to   space 7168K, 0% used [0x00000000f8400000,0x00000000f8400000,0x00000000f8b00000)
 ParOldGen       total 44032K, used 7813K [0x00000000c1000000, 0x00000000c3b00000, 0x00000000eb000000)
  object space 44032K, 17% used [0x00000000c1000000,0x00000000c17a1540,0x00000000c3b00000)
 Metaspace       used 20238K, capacity 21192K, committed 21296K, reserved 1067008K
  class space    used 2907K, capacity 3154K, committed 3200K, reserved 1048576K
}
Event: 24.552 GC heap before
{Heap before GC invocations=10 (full 1):
 PSYoungGen      total 137728K, used 5111K [0x00000000eb000000, 0x00000000f8b00000, 0x0000000100000000)
  eden space 131072K, 0% used [0x00000000eb000000,0x00000000eb000000,0x00000000f3000000)
  from space 6656K, 76% used [0x00000000f3000000,0x00000000f34fdc60,0x00000000f3680000)
  to   space 7168K, 0% used [0x00000000f8400000,0x00000000f8400000,0x00000000f8b00000)
 ParOldGen       total 44032K, used 7813K [0x00000000c1000000, 0x00000000c3b00000, 0x00000000eb000000)
  object space 44032K, 17% used [0x00000000c1000000,0x00000000c17a1540,0x00000000c3b00000)
 Metaspace       used 20238K, capacity 21192K, committed 21296K, reserved 1067008K
  class space    used 2907K, capacity 3154K, committed 3200K, reserved 1048576K
Event: 24.627 GC heap after
Heap after GC invocations=10 (full 1):
 PSYoungGen      total 137728K, used 0K [0x00000000eb000000, 0x00000000f8b00000, 0x0000000100000000)
  eden space 131072K, 0% used [0x00000000eb000000,0x00000000eb000000,0x00000000f3000000)
  from space 6656K, 0% used [0x00000000f3000000,0x00000000f3000000,0x00000000f3680000)
  to   space 7168K, 0% used [0x00000000f8400000,0x00000000f8400000,0x00000000f8b00000)
 ParOldGen       total 32768K, used 12335K [0x00000000c1000000, 0x00000000c3000000, 0x00000000eb000000)
  object space 32768K, 37% used [0x00000000c1000000,0x00000000c1c0be18,0x00000000c3000000)
 Metaspace       used 20238K, capacity 21192K, committed 21296K, reserved 1067008K
  class space    used 2907K, capacity 3154K, committed 3200K, reserved 1048576K
}

